<?xml version="1.0" encoding="UTF-8"?>
<!-- Generated by org.testng.reporters.JUnitReportReporter -->
<testsuite hostname="DESKTOP-T3R8PGS" name="com.inetbanking.testCases.TC_LoginTest_001" tests="1" failures="0" timestamp="22 Aug 2022 13:01:00 GMT" time="5.498" errors="0">
  <testcase name="loginTest" time="5.498" classname="com.inetbanking.testCases.TC_LoginTest_001"/>
</testsuite> <!-- com.inetbanking.testCases.TC_LoginTest_001 -->
