<?xml version="1.0" encoding="UTF-8"?>
<!-- Generated by org.testng.reporters.JUnitReportReporter -->
<testsuite skipped="0" hostname="DESKTOP-T3R8PGS" name="com.inetbanking.testCases.TC_LoginTest_001" tests="1" failures="0" timestamp="2022-08-23T19:03:07 IST" time="5.759" errors="0">
  <testcase name="loginTest" time="5.759" classname="com.inetbanking.testCases.TC_LoginTest_001"/>
  <system-out/>
</testsuite> <!-- com.inetbanking.testCases.TC_LoginTest_001 -->
